{"C:\\Users\\Fisiton\\Desktop\\SendIT\\spec\\parcelSpec.js":{"path":"C:\\Users\\Fisiton\\Desktop\\SendIT\\spec\\parcelSpec.js","s":{"1":1,"2":1,"3":0,"4":0,"5":0,"6":0,"7":0,"8":0,"9":0,"10":0,"11":0,"12":0},"b":{},"f":{"1":0,"2":0,"3":0,"4":0,"5":0},"fnMap":{"1":{"name":"(anonymous_1)","line":6,"loc":{"start":{"line":6,"column":20},"end":{"line":6,"column":32}}},"2":{"name":"(anonymous_2)","line":7,"loc":{"start":{"line":7,"column":49},"end":{"line":7,"column":65}}},"3":{"name":"(anonymous_3)","line":8,"loc":{"start":{"line":8,"column":30},"end":{"line":8,"column":57}}},"4":{"name":"(anonymous_4)","line":14,"loc":{"start":{"line":14,"column":50},"end":{"line":14,"column":66}}},"5":{"name":"(anonymous_5)","line":27,"loc":{"start":{"line":27,"column":32},"end":{"line":27,"column":59}}}},"statementMap":{"1":{"start":{"line":1,"column":0},"end":{"line":null,"column":null}},"2":{"start":{"line":2,"column":0},"end":{"line":null,"column":null}},"3":{"start":{"line":4,"column":0},"end":{"line":null,"column":null}},"4":{"start":{"line":6,"column":0},"end":{"line":null,"column":null}},"5":{"start":{"line":7,"column":7},"end":{"line":null,"column":null}},"6":{"start":{"line":8,"column":16},"end":{"line":null,"column":null}},"7":{"start":{"line":9,"column":19},"end":{"line":null,"column":null}},"8":{"start":{"line":0,"column":0},"end":{"line":0,"column":0},"skip":true},"9":{"start":{"line":14,"column":7},"end":{"line":null,"column":null}},"10":{"start":{"line":15,"column":16},"end":{"line":null,"column":null}},"11":{"start":{"line":28,"column":19},"end":{"line":null,"column":null}},"12":{"start":{"line":0,"column":0},"end":{"line":0,"column":0},"skip":true}},"branchMap":{}}}