{"C:\\Users\\Fisiton\\Desktop\\SendIT\\spec\\parcelSpec.js":{"path":"C:\\Users\\Fisiton\\Desktop\\SendIT\\spec\\parcelSpec.js","s":{"1":1,"2":1,"3":1,"4":1,"5":1,"6":1,"7":2,"8":1,"9":1,"10":1,"11":1,"12":1,"13":1,"14":1,"15":1,"16":1,"17":1,"18":1,"19":1,"20":1,"21":1,"22":1,"23":1,"24":1,"25":1,"26":1,"27":0,"28":1,"29":1,"30":1,"31":1,"32":1,"33":1,"34":1,"35":1,"36":1,"37":1,"38":1,"39":1,"40":1,"41":1,"42":1,"43":1,"44":1,"45":1,"46":1,"47":1,"48":1,"49":1,"50":1,"51":1,"52":1,"53":1,"54":0,"55":0,"56":1,"57":1,"58":1,"59":1,"60":1,"61":1,"62":1,"63":1,"64":1,"65":1,"66":1,"67":1,"68":1,"69":1,"70":1,"71":1,"72":1,"73":1,"74":1,"75":1,"76":1,"77":1,"78":1,"79":1,"80":1,"81":1,"82":0,"83":1,"84":1,"85":1,"86":1,"87":1,"88":1,"89":1,"90":1,"91":1,"92":1,"93":1,"94":1,"95":1,"96":1,"97":1,"98":1,"99":1,"100":1,"101":1,"102":1,"103":1,"104":1,"105":1},"b":{"1":[0,2],"2":[2,2]},"f":{"1":2,"2":1,"3":1,"4":1,"5":1,"6":1,"7":1,"8":1,"9":1,"10":1,"11":1,"12":1,"13":1,"14":1,"15":1,"16":0,"17":1,"18":1,"19":1,"20":1,"21":1,"22":1,"23":1,"24":1,"25":1,"26":1,"27":1,"28":1,"29":1,"30":1,"31":1,"32":1,"33":1,"34":1,"35":1,"36":0,"37":1,"38":1,"39":1,"40":1,"41":1,"42":1,"43":1,"44":1,"45":1,"46":1,"47":1,"48":1,"49":1,"50":1,"51":1,"52":1,"53":1,"54":1,"55":1,"56":0,"57":1,"58":1,"59":1,"60":1,"61":1,"62":1,"63":1,"64":1,"65":1,"66":1,"67":1,"68":1,"69":1,"70":1,"71":1,"72":1,"73":1},"fnMap":{"1":{"name":"_interopRequireDefault","line":13,"loc":{"start":{"line":13,"column":0},"end":{"line":13,"column":37}}},"2":{"name":"(anonymous_2)","line":15,"loc":{"start":{"line":15,"column":26},"end":{"line":15,"column":38}}},"3":{"name":"(anonymous_3)","line":16,"loc":{"start":{"line":16,"column":42},"end":{"line":16,"column":58}}},"4":{"name":"(anonymous_4)","line":17,"loc":{"start":{"line":17,"column":84},"end":{"line":17,"column":99}}},"5":{"name":"(anonymous_5)","line":19,"loc":{"start":{"line":19,"column":11},"end":{"line":19,"column":23}}},"6":{"name":"(anonymous_6)","line":24,"loc":{"start":{"line":24,"column":45},"end":{"line":24,"column":61}}},"7":{"name":"(anonymous_7)","line":25,"loc":{"start":{"line":25,"column":87},"end":{"line":25,"column":102}}},"8":{"name":"(anonymous_8)","line":27,"loc":{"start":{"line":27,"column":11},"end":{"line":27,"column":23}}},"9":{"name":"(anonymous_9)","line":32,"loc":{"start":{"line":32,"column":45},"end":{"line":32,"column":61}}},"10":{"name":"(anonymous_10)","line":33,"loc":{"start":{"line":33,"column":90},"end":{"line":33,"column":105}}},"11":{"name":"(anonymous_11)","line":35,"loc":{"start":{"line":35,"column":11},"end":{"line":35,"column":23}}},"12":{"name":"(anonymous_12)","line":40,"loc":{"start":{"line":40,"column":43},"end":{"line":40,"column":59}}},"13":{"name":"(anonymous_13)","line":41,"loc":{"start":{"line":41,"column":89},"end":{"line":41,"column":104}}},"14":{"name":"(anonymous_14)","line":43,"loc":{"start":{"line":43,"column":11},"end":{"line":43,"column":23}}},"15":{"name":"(anonymous_15)","line":48,"loc":{"start":{"line":48,"column":40},"end":{"line":48,"column":56}}},"16":{"name":"(anonymous_16)","line":49,"loc":{"start":{"line":49,"column":89},"end":{"line":49,"column":104}}},"17":{"name":"(anonymous_17)","line":51,"loc":{"start":{"line":51,"column":11},"end":{"line":51,"column":23}}},"18":{"name":"(anonymous_18)","line":56,"loc":{"start":{"line":56,"column":42},"end":{"line":56,"column":58}}},"19":{"name":"(anonymous_19)","line":57,"loc":{"start":{"line":57,"column":86},"end":{"line":57,"column":101}}},"20":{"name":"(anonymous_20)","line":59,"loc":{"start":{"line":59,"column":11},"end":{"line":59,"column":23}}},"21":{"name":"(anonymous_21)","line":63,"loc":{"start":{"line":63,"column":42},"end":{"line":63,"column":58}}},"22":{"name":"(anonymous_22)","line":64,"loc":{"start":{"line":64,"column":94},"end":{"line":64,"column":109}}},"23":{"name":"(anonymous_23)","line":66,"loc":{"start":{"line":66,"column":11},"end":{"line":66,"column":23}}},"24":{"name":"(anonymous_24)","line":72,"loc":{"start":{"line":72,"column":27},"end":{"line":72,"column":39}}},"25":{"name":"(anonymous_25)","line":73,"loc":{"start":{"line":73,"column":47},"end":{"line":73,"column":63}}},"26":{"name":"(anonymous_26)","line":74,"loc":{"start":{"line":74,"column":97},"end":{"line":74,"column":112}}},"27":{"name":"(anonymous_27)","line":76,"loc":{"start":{"line":76,"column":11},"end":{"line":76,"column":23}}},"28":{"name":"(anonymous_28)","line":82,"loc":{"start":{"line":82,"column":49},"end":{"line":82,"column":65}}},"29":{"name":"(anonymous_29)","line":83,"loc":{"start":{"line":83,"column":81},"end":{"line":83,"column":96}}},"30":{"name":"(anonymous_30)","line":86,"loc":{"start":{"line":86,"column":9},"end":{"line":86,"column":21}}},"31":{"name":"(anonymous_31)","line":91,"loc":{"start":{"line":91,"column":24},"end":{"line":91,"column":36}}},"32":{"name":"(anonymous_32)","line":92,"loc":{"start":{"line":92,"column":114},"end":{"line":92,"column":130}}},"33":{"name":"(anonymous_33)","line":93,"loc":{"start":{"line":93,"column":112},"end":{"line":93,"column":127}}},"34":{"name":"(anonymous_34)","line":95,"loc":{"start":{"line":95,"column":11},"end":{"line":95,"column":23}}},"35":{"name":"(anonymous_35)","line":99,"loc":{"start":{"line":99,"column":50},"end":{"line":99,"column":66}}},"36":{"name":"(anonymous_36)","line":100,"loc":{"start":{"line":100,"column":117},"end":{"line":100,"column":132}}},"37":{"name":"(anonymous_37)","line":103,"loc":{"start":{"line":103,"column":11},"end":{"line":103,"column":23}}},"38":{"name":"(anonymous_38)","line":109,"loc":{"start":{"line":109,"column":41},"end":{"line":109,"column":53}}},"39":{"name":"(anonymous_39)","line":110,"loc":{"start":{"line":110,"column":114},"end":{"line":110,"column":130}}},"40":{"name":"(anonymous_40)","line":111,"loc":{"start":{"line":111,"column":118},"end":{"line":111,"column":133}}},"41":{"name":"(anonymous_41)","line":113,"loc":{"start":{"line":113,"column":11},"end":{"line":113,"column":23}}},"42":{"name":"(anonymous_42)","line":118,"loc":{"start":{"line":118,"column":106},"end":{"line":118,"column":122}}},"43":{"name":"(anonymous_43)","line":119,"loc":{"start":{"line":119,"column":118},"end":{"line":119,"column":133}}},"44":{"name":"(anonymous_44)","line":121,"loc":{"start":{"line":121,"column":11},"end":{"line":121,"column":23}}},"45":{"name":"(anonymous_45)","line":126,"loc":{"start":{"line":126,"column":84},"end":{"line":126,"column":100}}},"46":{"name":"(anonymous_46)","line":127,"loc":{"start":{"line":127,"column":113},"end":{"line":127,"column":125}}},"47":{"name":"(anonymous_47)","line":132,"loc":{"start":{"line":132,"column":50},"end":{"line":132,"column":66}}},"48":{"name":"(anonymous_48)","line":133,"loc":{"start":{"line":133,"column":116},"end":{"line":133,"column":131}}},"49":{"name":"(anonymous_49)","line":136,"loc":{"start":{"line":136,"column":11},"end":{"line":136,"column":23}}},"50":{"name":"(anonymous_50)","line":142,"loc":{"start":{"line":142,"column":45},"end":{"line":142,"column":57}}},"51":{"name":"(anonymous_51)","line":143,"loc":{"start":{"line":143,"column":50},"end":{"line":143,"column":66}}},"52":{"name":"(anonymous_52)","line":144,"loc":{"start":{"line":144,"column":86},"end":{"line":144,"column":101}}},"53":{"name":"(anonymous_53)","line":146,"loc":{"start":{"line":146,"column":11},"end":{"line":146,"column":23}}},"54":{"name":"(anonymous_54)","line":152,"loc":{"start":{"line":152,"column":63},"end":{"line":152,"column":75}}},"55":{"name":"(anonymous_55)","line":153,"loc":{"start":{"line":153,"column":54},"end":{"line":153,"column":70}}},"56":{"name":"(anonymous_56)","line":156,"loc":{"start":{"line":156,"column":55},"end":{"line":156,"column":70}}},"57":{"name":"(anonymous_57)","line":158,"loc":{"start":{"line":158,"column":11},"end":{"line":158,"column":23}}},"58":{"name":"(anonymous_58)","line":163,"loc":{"start":{"line":163,"column":52},"end":{"line":163,"column":68}}},"59":{"name":"(anonymous_59)","line":164,"loc":{"start":{"line":164,"column":94},"end":{"line":164,"column":109}}},"60":{"name":"(anonymous_60)","line":166,"loc":{"start":{"line":166,"column":11},"end":{"line":166,"column":23}}},"61":{"name":"(anonymous_61)","line":172,"loc":{"start":{"line":172,"column":51},"end":{"line":172,"column":63}}},"62":{"name":"(anonymous_62)","line":173,"loc":{"start":{"line":173,"column":84},"end":{"line":173,"column":100}}},"63":{"name":"(anonymous_63)","line":176,"loc":{"start":{"line":176,"column":52},"end":{"line":176,"column":67}}},"64":{"name":"(anonymous_64)","line":178,"loc":{"start":{"line":178,"column":11},"end":{"line":178,"column":23}}},"65":{"name":"(anonymous_65)","line":183,"loc":{"start":{"line":183,"column":76},"end":{"line":183,"column":92}}},"66":{"name":"(anonymous_66)","line":184,"loc":{"start":{"line":184,"column":88},"end":{"line":184,"column":103}}},"67":{"name":"(anonymous_67)","line":187,"loc":{"start":{"line":187,"column":11},"end":{"line":187,"column":23}}},"68":{"name":"(anonymous_68)","line":192,"loc":{"start":{"line":192,"column":45},"end":{"line":192,"column":61}}},"69":{"name":"(anonymous_69)","line":193,"loc":{"start":{"line":193,"column":92},"end":{"line":193,"column":107}}},"70":{"name":"(anonymous_70)","line":195,"loc":{"start":{"line":195,"column":11},"end":{"line":195,"column":23}}},"71":{"name":"(anonymous_71)","line":200,"loc":{"start":{"line":200,"column":43},"end":{"line":200,"column":59}}},"72":{"name":"(anonymous_72)","line":201,"loc":{"start":{"line":201,"column":91},"end":{"line":201,"column":106}}},"73":{"name":"(anonymous_73)","line":203,"loc":{"start":{"line":203,"column":11},"end":{"line":203,"column":23}}}},"statementMap":{"1":{"start":{"line":3,"column":0},"end":{"line":3,"column":38}},"2":{"start":{"line":5,"column":0},"end":{"line":5,"column":53}},"3":{"start":{"line":7,"column":0},"end":{"line":7,"column":38}},"4":{"start":{"line":9,"column":0},"end":{"line":9,"column":34}},"5":{"start":{"line":11,"column":0},"end":{"line":11,"column":41}},"6":{"start":{"line":13,"column":0},"end":{"line":13,"column":95}},"7":{"start":{"line":13,"column":39},"end":{"line":13,"column":93}},"8":{"start":{"line":15,"column":0},"end":{"line":70,"column":3}},"9":{"start":{"line":16,"column":2},"end":{"line":22,"column":5}},"10":{"start":{"line":17,"column":4},"end":{"line":21,"column":7}},"11":{"start":{"line":18,"column":6},"end":{"line":18,"column":47}},"12":{"start":{"line":20,"column":6},"end":{"line":20,"column":13}},"13":{"start":{"line":24,"column":2},"end":{"line":30,"column":5}},"14":{"start":{"line":25,"column":4},"end":{"line":29,"column":7}},"15":{"start":{"line":26,"column":6},"end":{"line":26,"column":47}},"16":{"start":{"line":28,"column":6},"end":{"line":28,"column":13}},"17":{"start":{"line":32,"column":2},"end":{"line":38,"column":5}},"18":{"start":{"line":33,"column":4},"end":{"line":37,"column":7}},"19":{"start":{"line":34,"column":6},"end":{"line":34,"column":47}},"20":{"start":{"line":36,"column":6},"end":{"line":36,"column":13}},"21":{"start":{"line":40,"column":2},"end":{"line":46,"column":5}},"22":{"start":{"line":41,"column":4},"end":{"line":45,"column":7}},"23":{"start":{"line":42,"column":6},"end":{"line":42,"column":47}},"24":{"start":{"line":44,"column":6},"end":{"line":44,"column":13}},"25":{"start":{"line":48,"column":2},"end":{"line":54,"column":5}},"26":{"start":{"line":49,"column":4},"end":{"line":53,"column":7}},"27":{"start":{"line":50,"column":6},"end":{"line":50,"column":47}},"28":{"start":{"line":52,"column":6},"end":{"line":52,"column":13}},"29":{"start":{"line":56,"column":2},"end":{"line":62,"column":5}},"30":{"start":{"line":57,"column":4},"end":{"line":61,"column":7}},"31":{"start":{"line":58,"column":6},"end":{"line":58,"column":47}},"32":{"start":{"line":60,"column":6},"end":{"line":60,"column":13}},"33":{"start":{"line":63,"column":2},"end":{"line":69,"column":5}},"34":{"start":{"line":64,"column":4},"end":{"line":68,"column":7}},"35":{"start":{"line":65,"column":6},"end":{"line":65,"column":47}},"36":{"start":{"line":67,"column":6},"end":{"line":67,"column":13}},"37":{"start":{"line":72,"column":0},"end":{"line":80,"column":3}},"38":{"start":{"line":73,"column":2},"end":{"line":79,"column":5}},"39":{"start":{"line":74,"column":4},"end":{"line":78,"column":7}},"40":{"start":{"line":75,"column":6},"end":{"line":75,"column":78}},"41":{"start":{"line":77,"column":6},"end":{"line":77,"column":13}},"42":{"start":{"line":82,"column":0},"end":{"line":89,"column":3}},"43":{"start":{"line":83,"column":2},"end":{"line":88,"column":5}},"44":{"start":{"line":84,"column":4},"end":{"line":84,"column":33}},"45":{"start":{"line":85,"column":4},"end":{"line":85,"column":45}},"46":{"start":{"line":87,"column":4},"end":{"line":87,"column":11}},"47":{"start":{"line":91,"column":0},"end":{"line":107,"column":3}},"48":{"start":{"line":92,"column":2},"end":{"line":98,"column":5}},"49":{"start":{"line":93,"column":4},"end":{"line":97,"column":7}},"50":{"start":{"line":94,"column":6},"end":{"line":94,"column":44}},"51":{"start":{"line":96,"column":6},"end":{"line":96,"column":13}},"52":{"start":{"line":99,"column":2},"end":{"line":106,"column":5}},"53":{"start":{"line":100,"column":4},"end":{"line":105,"column":7}},"54":{"start":{"line":101,"column":6},"end":{"line":101,"column":43}},"55":{"start":{"line":102,"column":6},"end":{"line":102,"column":100}},"56":{"start":{"line":104,"column":6},"end":{"line":104,"column":13}},"57":{"start":{"line":109,"column":0},"end":{"line":140,"column":3}},"58":{"start":{"line":110,"column":2},"end":{"line":116,"column":5}},"59":{"start":{"line":111,"column":4},"end":{"line":115,"column":7}},"60":{"start":{"line":112,"column":6},"end":{"line":112,"column":44}},"61":{"start":{"line":114,"column":6},"end":{"line":114,"column":13}},"62":{"start":{"line":118,"column":2},"end":{"line":124,"column":5}},"63":{"start":{"line":119,"column":4},"end":{"line":123,"column":7}},"64":{"start":{"line":120,"column":6},"end":{"line":120,"column":44}},"65":{"start":{"line":122,"column":6},"end":{"line":122,"column":13}},"66":{"start":{"line":126,"column":2},"end":{"line":130,"column":5}},"67":{"start":{"line":127,"column":4},"end":{"line":129,"column":7}},"68":{"start":{"line":128,"column":6},"end":{"line":128,"column":13}},"69":{"start":{"line":132,"column":2},"end":{"line":139,"column":5}},"70":{"start":{"line":133,"column":4},"end":{"line":138,"column":7}},"71":{"start":{"line":134,"column":6},"end":{"line":134,"column":43}},"72":{"start":{"line":135,"column":6},"end":{"line":135,"column":151}},"73":{"start":{"line":137,"column":6},"end":{"line":137,"column":13}},"74":{"start":{"line":142,"column":0},"end":{"line":150,"column":3}},"75":{"start":{"line":143,"column":2},"end":{"line":149,"column":5}},"76":{"start":{"line":144,"column":4},"end":{"line":148,"column":7}},"77":{"start":{"line":145,"column":6},"end":{"line":145,"column":79}},"78":{"start":{"line":147,"column":6},"end":{"line":147,"column":13}},"79":{"start":{"line":152,"column":0},"end":{"line":170,"column":3}},"80":{"start":{"line":153,"column":2},"end":{"line":161,"column":5}},"81":{"start":{"line":154,"column":4},"end":{"line":160,"column":7}},"82":{"start":{"line":157,"column":6},"end":{"line":157,"column":64}},"83":{"start":{"line":159,"column":6},"end":{"line":159,"column":13}},"84":{"start":{"line":163,"column":2},"end":{"line":169,"column":5}},"85":{"start":{"line":164,"column":4},"end":{"line":168,"column":7}},"86":{"start":{"line":165,"column":6},"end":{"line":165,"column":79}},"87":{"start":{"line":167,"column":6},"end":{"line":167,"column":13}},"88":{"start":{"line":172,"column":0},"end":{"line":207,"column":3}},"89":{"start":{"line":173,"column":2},"end":{"line":181,"column":5}},"90":{"start":{"line":174,"column":4},"end":{"line":180,"column":7}},"91":{"start":{"line":177,"column":6},"end":{"line":177,"column":78}},"92":{"start":{"line":179,"column":6},"end":{"line":179,"column":13}},"93":{"start":{"line":183,"column":2},"end":{"line":190,"column":5}},"94":{"start":{"line":184,"column":4},"end":{"line":189,"column":7}},"95":{"start":{"line":185,"column":6},"end":{"line":185,"column":43}},"96":{"start":{"line":186,"column":6},"end":{"line":186,"column":204}},"97":{"start":{"line":188,"column":6},"end":{"line":188,"column":13}},"98":{"start":{"line":192,"column":2},"end":{"line":198,"column":5}},"99":{"start":{"line":193,"column":4},"end":{"line":197,"column":7}},"100":{"start":{"line":194,"column":6},"end":{"line":194,"column":47}},"101":{"start":{"line":196,"column":6},"end":{"line":196,"column":13}},"102":{"start":{"line":200,"column":2},"end":{"line":206,"column":5}},"103":{"start":{"line":201,"column":4},"end":{"line":205,"column":7}},"104":{"start":{"line":202,"column":6},"end":{"line":202,"column":47}},"105":{"start":{"line":204,"column":6},"end":{"line":204,"column":13}}},"branchMap":{"1":{"line":13,"type":"cond-expr","locations":[{"start":{"line":13,"column":70},"end":{"line":13,"column":73}},{"start":{"line":13,"column":76},"end":{"line":13,"column":92}}]},"2":{"line":13,"type":"binary-expr","locations":[{"start":{"line":13,"column":46},"end":{"line":13,"column":49}},{"start":{"line":13,"column":53},"end":{"line":13,"column":67}}]}}},"C:\\Users\\Fisiton\\Desktop\\SendIT\\spec\\specData.js":{"path":"C:\\Users\\Fisiton\\Desktop\\SendIT\\spec\\specData.js","s":{"1":1,"2":1,"3":1,"4":1,"5":1,"6":1,"7":1,"8":1,"9":1,"10":1,"11":1,"12":1},"b":{},"f":{},"fnMap":{},"statementMap":{"1":{"start":{"line":3,"column":0},"end":{"line":5,"column":3}},"2":{"start":{"line":6,"column":0},"end":{"line":16,"column":2}},"3":{"start":{"line":18,"column":0},"end":{"line":24,"column":2}},"4":{"start":{"line":26,"column":0},"end":{"line":31,"column":2}},"5":{"start":{"line":33,"column":0},"end":{"line":37,"column":2}},"6":{"start":{"line":38,"column":0},"end":{"line":53,"column":2}},"7":{"start":{"line":55,"column":0},"end":{"line":67,"column":2}},"8":{"start":{"line":68,"column":0},"end":{"line":84,"column":2}},"9":{"start":{"line":86,"column":0},"end":{"line":86,"column":40}},"10":{"start":{"line":87,"column":0},"end":{"line":87,"column":36}},"11":{"start":{"line":88,"column":0},"end":{"line":88,"column":36}},"12":{"start":{"line":89,"column":0},"end":{"line":89,"column":40}}},"branchMap":{}},"C:\\Users\\Fisiton\\Desktop\\SendIT\\dist\\app.js":{"path":"C:\\Users\\Fisiton\\Desktop\\SendIT\\dist\\app.js","s":{"1":1,"2":1,"3":1,"4":1,"5":1,"6":1,"7":1,"8":3,"9":1,"10":1,"11":1,"12":22,"13":22,"14":22,"15":0,"16":0,"17":22,"18":1,"19":0,"20":1,"21":1,"22":1,"23":1,"24":1,"25":1,"26":1,"27":1,"28":1,"29":1},"b":{"1":[0,3],"2":[3,3],"3":[0,22],"4":[1,0]},"f":{"1":3,"2":22,"3":0,"4":1,"5":1},"fnMap":{"1":{"name":"_interopRequireDefault","line":15,"loc":{"start":{"line":15,"column":0},"end":{"line":15,"column":37}}},"2":{"name":"(anonymous_2)","line":21,"loc":{"start":{"line":21,"column":8},"end":{"line":21,"column":34}}},"3":{"name":"(anonymous_3)","line":31,"loc":{"start":{"line":31,"column":13},"end":{"line":31,"column":33}}},"4":{"name":"(anonymous_4)","line":38,"loc":{"start":{"line":38,"column":8},"end":{"line":38,"column":34}}},"5":{"name":"(anonymous_5)","line":44,"loc":{"start":{"line":44,"column":8},"end":{"line":44,"column":41}}}},"statementMap":{"1":{"start":{"line":3,"column":0},"end":{"line":3,"column":34}},"2":{"start":{"line":5,"column":0},"end":{"line":5,"column":49}},"3":{"start":{"line":7,"column":0},"end":{"line":7,"column":43}},"4":{"start":{"line":9,"column":0},"end":{"line":9,"column":49}},"5":{"start":{"line":11,"column":0},"end":{"line":11,"column":39}},"6":{"start":{"line":13,"column":0},"end":{"line":13,"column":45}},"7":{"start":{"line":15,"column":0},"end":{"line":15,"column":95}},"8":{"start":{"line":15,"column":39},"end":{"line":15,"column":93}},"9":{"start":{"line":17,"column":0},"end":{"line":17,"column":35}},"10":{"start":{"line":19,"column":0},"end":{"line":19,"column":34}},"11":{"start":{"line":21,"column":0},"end":{"line":29,"column":3}},"12":{"start":{"line":22,"column":2},"end":{"line":22,"column":49}},"13":{"start":{"line":23,"column":2},"end":{"line":23,"column":110}},"14":{"start":{"line":24,"column":2},"end":{"line":27,"column":3}},"15":{"start":{"line":25,"column":4},"end":{"line":25,"column":80}},"16":{"start":{"line":26,"column":4},"end":{"line":26,"column":36}},"17":{"start":{"line":28,"column":2},"end":{"line":28,"column":9}},"18":{"start":{"line":31,"column":0},"end":{"line":33,"column":3}},"19":{"start":{"line":32,"column":2},"end":{"line":32,"column":33}},"20":{"start":{"line":35,"column":0},"end":{"line":35,"column":46}},"21":{"start":{"line":36,"column":0},"end":{"line":36,"column":42}},"22":{"start":{"line":38,"column":0},"end":{"line":42,"column":3}},"23":{"start":{"line":39,"column":2},"end":{"line":39,"column":37}},"24":{"start":{"line":40,"column":2},"end":{"line":40,"column":21}},"25":{"start":{"line":41,"column":2},"end":{"line":41,"column":14}},"26":{"start":{"line":44,"column":0},"end":{"line":51,"column":3}},"27":{"start":{"line":45,"column":2},"end":{"line":45,"column":34}},"28":{"start":{"line":46,"column":2},"end":{"line":50,"column":5}},"29":{"start":{"line":53,"column":0},"end":{"line":53,"column":21}}},"branchMap":{"1":{"line":15,"type":"cond-expr","locations":[{"start":{"line":15,"column":70},"end":{"line":15,"column":73}},{"start":{"line":15,"column":76},"end":{"line":15,"column":92}}]},"2":{"line":15,"type":"binary-expr","locations":[{"start":{"line":15,"column":46},"end":{"line":15,"column":49}},{"start":{"line":15,"column":53},"end":{"line":15,"column":67}}]},"3":{"line":24,"type":"if","locations":[{"start":{"line":24,"column":2},"end":{"line":24,"column":2}},{"start":{"line":24,"column":2},"end":{"line":24,"column":2}}]},"4":{"line":45,"type":"binary-expr","locations":[{"start":{"line":45,"column":13},"end":{"line":45,"column":25}},{"start":{"line":45,"column":29},"end":{"line":45,"column":32}}]}}},"C:\\Users\\Fisiton\\Desktop\\SendIT\\dist\\routes\\parcels.js":{"path":"C:\\Users\\Fisiton\\Desktop\\SendIT\\dist\\routes\\parcels.js","s":{"1":1,"2":1,"3":1,"4":1,"5":1,"6":2,"7":1,"8":1,"9":1,"10":1,"11":1,"12":1,"13":1,"14":1,"15":1,"16":1},"b":{"1":[1,1],"2":[2,2]},"f":{"1":2},"fnMap":{"1":{"name":"_interopRequireDefault","line":11,"loc":{"start":{"line":11,"column":0},"end":{"line":11,"column":37}}}},"statementMap":{"1":{"start":{"line":3,"column":0},"end":{"line":3,"column":34}},"2":{"start":{"line":5,"column":0},"end":{"line":5,"column":49}},"3":{"start":{"line":7,"column":0},"end":{"line":7,"column":49}},"4":{"start":{"line":9,"column":0},"end":{"line":9,"column":49}},"5":{"start":{"line":11,"column":0},"end":{"line":11,"column":95}},"6":{"start":{"line":11,"column":39},"end":{"line":11,"column":93}},"7":{"start":{"line":13,"column":0},"end":{"line":13,"column":40}},"8":{"start":{"line":15,"column":0},"end":{"line":15,"column":33}},"9":{"start":{"line":16,"column":0},"end":{"line":16,"column":58}},"10":{"start":{"line":18,"column":0},"end":{"line":18,"column":48}},"11":{"start":{"line":20,"column":0},"end":{"line":20,"column":48}},"12":{"start":{"line":22,"column":0},"end":{"line":22,"column":50}},"13":{"start":{"line":24,"column":0},"end":{"line":24,"column":57}},"14":{"start":{"line":26,"column":0},"end":{"line":26,"column":48}},"15":{"start":{"line":28,"column":0},"end":{"line":28,"column":53}},"16":{"start":{"line":30,"column":0},"end":{"line":30,"column":24}}},"branchMap":{"1":{"line":11,"type":"cond-expr","locations":[{"start":{"line":11,"column":70},"end":{"line":11,"column":73}},{"start":{"line":11,"column":76},"end":{"line":11,"column":92}}]},"2":{"line":11,"type":"binary-expr","locations":[{"start":{"line":11,"column":46},"end":{"line":11,"column":49}},{"start":{"line":11,"column":53},"end":{"line":11,"column":67}}]}}},"C:\\Users\\Fisiton\\Desktop\\SendIT\\dist\\controllers\\parcels.js":{"path":"C:\\Users\\Fisiton\\Desktop\\SendIT\\dist\\controllers\\parcels.js","s":{"1":1,"2":1,"3":1,"4":1,"5":6,"6":6,"7":6,"8":6,"9":6,"10":6,"11":1,"12":1,"13":0,"14":1,"15":1,"16":1,"17":1,"18":1,"19":1,"20":1,"21":1,"22":2,"23":1,"24":0,"25":0,"26":1,"27":1,"28":0,"29":1,"30":4,"31":4,"32":4,"33":3,"34":3,"35":1,"36":1,"37":1,"38":0,"39":0,"40":0,"41":0,"42":0,"43":0,"44":0,"45":0,"46":0,"47":0,"48":0,"49":0,"50":0,"51":0,"52":0,"53":0,"54":0,"55":0,"56":0,"57":0,"58":0,"59":0,"60":0,"61":1,"62":2,"63":2,"64":2,"65":2,"66":1,"67":1,"68":2,"69":2,"70":3,"71":2,"72":1,"73":1,"74":1,"75":1,"76":2,"77":2,"78":2,"79":2,"80":1,"81":1,"82":1,"83":1,"84":0,"85":0,"86":1,"87":1,"88":1,"89":1,"90":8,"91":8,"92":1,"93":2,"94":2,"95":1},"b":{"1":[6,6],"2":[6,0],"3":[0,1],"4":[1,0],"5":[1,1],"6":[2,2],"7":[0,0],"8":[3,1],"9":[0,0],"10":[0,0],"11":[1,1],"12":[1,1],"13":[1,1],"14":[0,1]},"f":{"1":1,"2":1,"3":1,"4":2,"5":0,"6":1,"7":0,"8":4,"9":0,"10":0,"11":1,"12":2,"13":2,"14":2,"15":3,"16":2,"17":2,"18":8,"19":2},"fnMap":{"1":{"name":"(anonymous_1)","line":7,"loc":{"start":{"line":7,"column":19},"end":{"line":7,"column":31}}},"2":{"name":"defineProperties","line":7,"loc":{"start":{"line":7,"column":33},"end":{"line":7,"column":74}}},"3":{"name":"(anonymous_3)","line":7,"loc":{"start":{"line":7,"column":357},"end":{"line":7,"column":405}}},"4":{"name":"_interopRequireDefault","line":17,"loc":{"start":{"line":17,"column":0},"end":{"line":17,"column":37}}},"5":{"name":"_classCallCheck","line":19,"loc":{"start":{"line":19,"column":0},"end":{"line":19,"column":48}}},"6":{"name":"(anonymous_6)","line":21,"loc":{"start":{"line":21,"column":24},"end":{"line":21,"column":36}}},"7":{"name":"ParcelControllers","line":22,"loc":{"start":{"line":22,"column":2},"end":{"line":22,"column":31}}},"8":{"name":"createOrder","line":28,"loc":{"start":{"line":28,"column":11},"end":{"line":28,"column":42}}},"9":{"name":"editOrder","line":59,"loc":{"start":{"line":59,"column":11},"end":{"line":59,"column":40}}},"10":{"name":"(anonymous_10)","line":62,"loc":{"start":{"line":62,"column":41},"end":{"line":62,"column":54}}},"11":{"name":"getAllOrders","line":92,"loc":{"start":{"line":92,"column":11},"end":{"line":92,"column":43}}},"12":{"name":"getOneOrder","line":97,"loc":{"start":{"line":97,"column":11},"end":{"line":97,"column":42}}},"13":{"name":"(anonymous_13)","line":100,"loc":{"start":{"line":100,"column":41},"end":{"line":100,"column":54}}},"14":{"name":"deleteOrder","line":108,"loc":{"start":{"line":108,"column":11},"end":{"line":108,"column":42}}},"15":{"name":"(anonymous_15)","line":111,"loc":{"start":{"line":111,"column":41},"end":{"line":111,"column":54}}},"16":{"name":"cancelOrder","line":121,"loc":{"start":{"line":121,"column":11},"end":{"line":121,"column":42}}},"17":{"name":"(anonymous_17)","line":124,"loc":{"start":{"line":124,"column":41},"end":{"line":124,"column":54}}},"18":{"name":"validateOrder","line":147,"loc":{"start":{"line":147,"column":20},"end":{"line":147,"column":50}}},"19":{"name":"validateCancel","line":167,"loc":{"start":{"line":167,"column":21},"end":{"line":167,"column":52}}}},"statementMap":{"1":{"start":{"line":3,"column":0},"end":{"line":5,"column":3}},"2":{"start":{"line":7,"column":0},"end":{"line":7,"column":564}},"3":{"start":{"line":7,"column":33},"end":{"line":7,"column":349}},"4":{"start":{"line":7,"column":76},"end":{"line":7,"column":347}},"5":{"start":{"line":7,"column":117},"end":{"line":7,"column":143}},"6":{"start":{"line":7,"column":144},"end":{"line":7,"column":199}},"7":{"start":{"line":7,"column":200},"end":{"line":7,"column":231}},"8":{"start":{"line":7,"column":232},"end":{"line":7,"column":286}},"9":{"start":{"line":7,"column":259},"end":{"line":7,"column":286}},"10":{"start":{"line":7,"column":287},"end":{"line":7,"column":345}},"11":{"start":{"line":7,"column":350},"end":{"line":7,"column":559}},"12":{"start":{"line":7,"column":407},"end":{"line":7,"column":475}},"13":{"start":{"line":7,"column":423},"end":{"line":7,"column":475}},"14":{"start":{"line":7,"column":476},"end":{"line":7,"column":536}},"15":{"start":{"line":7,"column":493},"end":{"line":7,"column":536}},"16":{"start":{"line":7,"column":537},"end":{"line":7,"column":556}},"17":{"start":{"line":9,"column":0},"end":{"line":9,"column":26}},"18":{"start":{"line":11,"column":0},"end":{"line":11,"column":41}},"19":{"start":{"line":13,"column":0},"end":{"line":13,"column":42}},"20":{"start":{"line":15,"column":0},"end":{"line":15,"column":49}},"21":{"start":{"line":17,"column":0},"end":{"line":17,"column":95}},"22":{"start":{"line":17,"column":39},"end":{"line":17,"column":93}},"23":{"start":{"line":19,"column":0},"end":{"line":19,"column":153}},"24":{"start":{"line":19,"column":50},"end":{"line":19,"column":151}},"25":{"start":{"line":19,"column":92},"end":{"line":19,"column":149}},"26":{"start":{"line":21,"column":0},"end":{"line":145,"column":4}},"27":{"start":{"line":22,"column":2},"end":{"line":24,"column":3}},"28":{"start":{"line":23,"column":4},"end":{"line":23,"column":45}},"29":{"start":{"line":26,"column":2},"end":{"line":142,"column":6}},"30":{"start":{"line":29,"column":6},"end":{"line":29,"column":43}},"31":{"start":{"line":31,"column":6},"end":{"line":32,"column":39}},"32":{"start":{"line":34,"column":6},"end":{"line":38,"column":7}},"33":{"start":{"line":35,"column":8},"end":{"line":35,"column":55}},"34":{"start":{"line":37,"column":8},"end":{"line":37,"column":15}},"35":{"start":{"line":39,"column":6},"end":{"line":53,"column":8}},"36":{"start":{"line":54,"column":6},"end":{"line":54,"column":36}},"37":{"start":{"line":55,"column":6},"end":{"line":55,"column":22}},"38":{"start":{"line":60,"column":6},"end":{"line":60,"column":29}},"39":{"start":{"line":62,"column":6},"end":{"line":64,"column":9}},"40":{"start":{"line":63,"column":8},"end":{"line":63,"column":37}},"41":{"start":{"line":65,"column":6},"end":{"line":65,"column":101}},"42":{"start":{"line":65,"column":18},"end":{"line":65,"column":101}},"43":{"start":{"line":66,"column":6},"end":{"line":66,"column":43}},"44":{"start":{"line":68,"column":6},"end":{"line":69,"column":40}},"45":{"start":{"line":71,"column":6},"end":{"line":75,"column":7}},"46":{"start":{"line":72,"column":8},"end":{"line":72,"column":55}},"47":{"start":{"line":74,"column":8},"end":{"line":74,"column":15}},"48":{"start":{"line":76,"column":6},"end":{"line":76,"column":37}},"49":{"start":{"line":77,"column":6},"end":{"line":77,"column":47}},"50":{"start":{"line":78,"column":6},"end":{"line":78,"column":41}},"51":{"start":{"line":79,"column":6},"end":{"line":79,"column":35}},"52":{"start":{"line":80,"column":6},"end":{"line":80,"column":37}},"53":{"start":{"line":81,"column":6},"end":{"line":81,"column":35}},"54":{"start":{"line":82,"column":6},"end":{"line":82,"column":41}},"55":{"start":{"line":83,"column":6},"end":{"line":83,"column":37}},"56":{"start":{"line":84,"column":6},"end":{"line":84,"column":37}},"57":{"start":{"line":85,"column":6},"end":{"line":85,"column":35}},"58":{"start":{"line":86,"column":6},"end":{"line":86,"column":41}},"59":{"start":{"line":87,"column":6},"end":{"line":87,"column":37}},"60":{"start":{"line":88,"column":6},"end":{"line":88,"column":34}},"61":{"start":{"line":93,"column":6},"end":{"line":93,"column":46}},"62":{"start":{"line":98,"column":6},"end":{"line":98,"column":29}},"63":{"start":{"line":100,"column":6},"end":{"line":102,"column":9}},"64":{"start":{"line":101,"column":8},"end":{"line":101,"column":37}},"65":{"start":{"line":103,"column":6},"end":{"line":103,"column":101}},"66":{"start":{"line":103,"column":18},"end":{"line":103,"column":101}},"67":{"start":{"line":104,"column":6},"end":{"line":104,"column":34}},"68":{"start":{"line":109,"column":6},"end":{"line":109,"column":29}},"69":{"start":{"line":111,"column":6},"end":{"line":113,"column":9}},"70":{"start":{"line":112,"column":8},"end":{"line":112,"column":37}},"71":{"start":{"line":114,"column":6},"end":{"line":114,"column":101}},"72":{"start":{"line":114,"column":18},"end":{"line":114,"column":101}},"73":{"start":{"line":115,"column":6},"end":{"line":115,"column":51}},"74":{"start":{"line":116,"column":6},"end":{"line":116,"column":41}},"75":{"start":{"line":117,"column":6},"end":{"line":117,"column":22}},"76":{"start":{"line":122,"column":6},"end":{"line":122,"column":29}},"77":{"start":{"line":124,"column":6},"end":{"line":126,"column":9}},"78":{"start":{"line":125,"column":8},"end":{"line":125,"column":37}},"79":{"start":{"line":127,"column":6},"end":{"line":127,"column":101}},"80":{"start":{"line":127,"column":18},"end":{"line":127,"column":101}},"81":{"start":{"line":129,"column":6},"end":{"line":129,"column":44}},"82":{"start":{"line":131,"column":6},"end":{"line":132,"column":40}},"83":{"start":{"line":134,"column":6},"end":{"line":138,"column":7}},"84":{"start":{"line":135,"column":8},"end":{"line":135,"column":55}},"85":{"start":{"line":137,"column":8},"end":{"line":137,"column":15}},"86":{"start":{"line":139,"column":6},"end":{"line":139,"column":32}},"87":{"start":{"line":140,"column":6},"end":{"line":140,"column":34}},"88":{"start":{"line":144,"column":2},"end":{"line":144,"column":27}},"89":{"start":{"line":147,"column":0},"end":{"line":166,"column":2}},"90":{"start":{"line":149,"column":2},"end":{"line":163,"column":4}},"91":{"start":{"line":165,"column":2},"end":{"line":165,"column":47}},"92":{"start":{"line":167,"column":0},"end":{"line":174,"column":2}},"93":{"start":{"line":169,"column":2},"end":{"line":171,"column":4}},"94":{"start":{"line":173,"column":2},"end":{"line":173,"column":47}},"95":{"start":{"line":176,"column":0},"end":{"line":176,"column":36}}},"branchMap":{"1":{"line":7,"type":"binary-expr","locations":[{"start":{"line":7,"column":168},"end":{"line":7,"column":189}},{"start":{"line":7,"column":193},"end":{"line":7,"column":198}}]},"2":{"line":7,"type":"if","locations":[{"start":{"line":7,"column":232},"end":{"line":7,"column":232}},{"start":{"line":7,"column":232},"end":{"line":7,"column":232}}]},"3":{"line":7,"type":"if","locations":[{"start":{"line":7,"column":407},"end":{"line":7,"column":407}},{"start":{"line":7,"column":407},"end":{"line":7,"column":407}}]},"4":{"line":7,"type":"if","locations":[{"start":{"line":7,"column":476},"end":{"line":7,"column":476}},{"start":{"line":7,"column":476},"end":{"line":7,"column":476}}]},"5":{"line":17,"type":"cond-expr","locations":[{"start":{"line":17,"column":70},"end":{"line":17,"column":73}},{"start":{"line":17,"column":76},"end":{"line":17,"column":92}}]},"6":{"line":17,"type":"binary-expr","locations":[{"start":{"line":17,"column":46},"end":{"line":17,"column":49}},{"start":{"line":17,"column":53},"end":{"line":17,"column":67}}]},"7":{"line":19,"type":"if","locations":[{"start":{"line":19,"column":50},"end":{"line":19,"column":50}},{"start":{"line":19,"column":50},"end":{"line":19,"column":50}}]},"8":{"line":34,"type":"if","locations":[{"start":{"line":34,"column":6},"end":{"line":34,"column":6}},{"start":{"line":34,"column":6},"end":{"line":34,"column":6}}]},"9":{"line":65,"type":"if","locations":[{"start":{"line":65,"column":6},"end":{"line":65,"column":6}},{"start":{"line":65,"column":6},"end":{"line":65,"column":6}}]},"10":{"line":71,"type":"if","locations":[{"start":{"line":71,"column":6},"end":{"line":71,"column":6}},{"start":{"line":71,"column":6},"end":{"line":71,"column":6}}]},"11":{"line":103,"type":"if","locations":[{"start":{"line":103,"column":6},"end":{"line":103,"column":6}},{"start":{"line":103,"column":6},"end":{"line":103,"column":6}}]},"12":{"line":114,"type":"if","locations":[{"start":{"line":114,"column":6},"end":{"line":114,"column":6}},{"start":{"line":114,"column":6},"end":{"line":114,"column":6}}]},"13":{"line":127,"type":"if","locations":[{"start":{"line":127,"column":6},"end":{"line":127,"column":6}},{"start":{"line":127,"column":6},"end":{"line":127,"column":6}}]},"14":{"line":134,"type":"if","locations":[{"start":{"line":134,"column":6},"end":{"line":134,"column":6}},{"start":{"line":134,"column":6},"end":{"line":134,"column":6}}]}}},"C:\\Users\\Fisiton\\Desktop\\SendIT\\dist\\data\\parcels.js":{"path":"C:\\Users\\Fisiton\\Desktop\\SendIT\\dist\\data\\parcels.js","s":{"1":1,"2":1},"b":{},"f":{},"fnMap":{},"statementMap":{"1":{"start":{"line":3,"column":0},"end":{"line":5,"column":3}},"2":{"start":{"line":7,"column":0},"end":{"line":22,"column":3}}},"branchMap":{}},"C:\\Users\\Fisiton\\Desktop\\SendIT\\dist\\routes\\users.js":{"path":"C:\\Users\\Fisiton\\Desktop\\SendIT\\dist\\routes\\users.js","s":{"1":1,"2":1,"3":1,"4":1,"5":1,"6":2,"7":1,"8":1,"9":1,"10":1,"11":1,"12":1,"13":1,"14":1,"15":1,"16":1},"b":{"1":[1,1],"2":[2,2]},"f":{"1":2},"fnMap":{"1":{"name":"_interopRequireDefault","line":11,"loc":{"start":{"line":11,"column":0},"end":{"line":11,"column":37}}}},"statementMap":{"1":{"start":{"line":3,"column":0},"end":{"line":3,"column":34}},"2":{"start":{"line":5,"column":0},"end":{"line":5,"column":49}},"3":{"start":{"line":7,"column":0},"end":{"line":7,"column":45}},"4":{"start":{"line":9,"column":0},"end":{"line":9,"column":45}},"5":{"start":{"line":11,"column":0},"end":{"line":11,"column":95}},"6":{"start":{"line":11,"column":39},"end":{"line":11,"column":93}},"7":{"start":{"line":13,"column":0},"end":{"line":13,"column":40}},"8":{"start":{"line":15,"column":0},"end":{"line":15,"column":33}},"9":{"start":{"line":16,"column":0},"end":{"line":16,"column":58}},"10":{"start":{"line":18,"column":0},"end":{"line":18,"column":45}},"11":{"start":{"line":20,"column":0},"end":{"line":20,"column":45}},"12":{"start":{"line":22,"column":0},"end":{"line":22,"column":45}},"13":{"start":{"line":24,"column":0},"end":{"line":24,"column":47}},"14":{"start":{"line":26,"column":0},"end":{"line":26,"column":65}},"15":{"start":{"line":28,"column":0},"end":{"line":28,"column":50}},"16":{"start":{"line":30,"column":0},"end":{"line":30,"column":24}}},"branchMap":{"1":{"line":11,"type":"cond-expr","locations":[{"start":{"line":11,"column":70},"end":{"line":11,"column":73}},{"start":{"line":11,"column":76},"end":{"line":11,"column":92}}]},"2":{"line":11,"type":"binary-expr","locations":[{"start":{"line":11,"column":46},"end":{"line":11,"column":49}},{"start":{"line":11,"column":53},"end":{"line":11,"column":67}}]}}},"C:\\Users\\Fisiton\\Desktop\\SendIT\\dist\\controllers\\users.js":{"path":"C:\\Users\\Fisiton\\Desktop\\SendIT\\dist\\controllers\\users.js","s":{"1":1,"2":1,"3":1,"4":1,"5":6,"6":6,"7":6,"8":6,"9":6,"10":6,"11":1,"12":1,"13":0,"14":1,"15":1,"16":1,"17":1,"18":1,"19":1,"20":1,"21":1,"22":1,"23":1,"24":3,"25":1,"26":0,"27":0,"28":1,"29":1,"30":0,"31":1,"32":1,"33":1,"34":1,"35":1,"36":1,"37":0,"38":0,"39":0,"40":0,"41":0,"42":0,"43":0,"44":0,"45":0,"46":0,"47":0,"48":0,"49":0,"50":0,"51":0,"52":0,"53":1,"54":3,"55":3,"56":5,"57":3,"58":2,"59":1,"60":2,"61":2,"62":3,"63":2,"64":1,"65":1,"66":1,"67":1,"68":3,"69":3,"70":3,"71":3,"72":3,"73":3,"74":0,"75":3,"76":3,"77":3,"78":3,"79":3,"80":1,"81":1,"82":2,"83":2,"84":1,"85":0,"86":0,"87":1},"b":{"1":[6,6],"2":[6,0],"3":[0,1],"4":[1,0],"5":[2,1],"6":[3,3],"7":[0,0],"8":[1,0],"9":[0,0],"10":[0,0],"11":[2,1],"12":[1,1],"13":[0,3],"14":[3,0]},"f":{"1":1,"2":1,"3":1,"4":3,"5":0,"6":1,"7":0,"8":1,"9":0,"10":0,"11":1,"12":3,"13":5,"14":2,"15":3,"16":3,"17":3,"18":3,"19":2,"20":0},"fnMap":{"1":{"name":"(anonymous_1)","line":7,"loc":{"start":{"line":7,"column":19},"end":{"line":7,"column":31}}},"2":{"name":"defineProperties","line":7,"loc":{"start":{"line":7,"column":33},"end":{"line":7,"column":74}}},"3":{"name":"(anonymous_3)","line":7,"loc":{"start":{"line":7,"column":357},"end":{"line":7,"column":405}}},"4":{"name":"_interopRequireDefault","line":21,"loc":{"start":{"line":21,"column":0},"end":{"line":21,"column":37}}},"5":{"name":"_classCallCheck","line":23,"loc":{"start":{"line":23,"column":0},"end":{"line":23,"column":48}}},"6":{"name":"(anonymous_6)","line":25,"loc":{"start":{"line":25,"column":22},"end":{"line":25,"column":34}}},"7":{"name":"UserControllers","line":26,"loc":{"start":{"line":26,"column":2},"end":{"line":26,"column":29}}},"8":{"name":"createUser","line":32,"loc":{"start":{"line":32,"column":11},"end":{"line":32,"column":41}}},"9":{"name":"editUser","line":56,"loc":{"start":{"line":56,"column":11},"end":{"line":56,"column":39}}},"10":{"name":"(anonymous_10)","line":59,"loc":{"start":{"line":59,"column":38},"end":{"line":59,"column":51}}},"11":{"name":"getAllUsers","line":81,"loc":{"start":{"line":81,"column":11},"end":{"line":81,"column":42}}},"12":{"name":"getOneUser","line":86,"loc":{"start":{"line":86,"column":11},"end":{"line":86,"column":41}}},"13":{"name":"(anonymous_13)","line":89,"loc":{"start":{"line":89,"column":38},"end":{"line":89,"column":51}}},"14":{"name":"deleteUser","line":97,"loc":{"start":{"line":97,"column":11},"end":{"line":97,"column":41}}},"15":{"name":"(anonymous_15)","line":100,"loc":{"start":{"line":100,"column":38},"end":{"line":100,"column":51}}},"16":{"name":"getUserParcels","line":111,"loc":{"start":{"line":111,"column":11},"end":{"line":111,"column":45}}},"17":{"name":"(anonymous_17)","line":114,"loc":{"start":{"line":114,"column":41},"end":{"line":114,"column":54}}},"18":{"name":"(anonymous_18)","line":122,"loc":{"start":{"line":122,"column":34},"end":{"line":122,"column":50}}},"19":{"name":"validateUser","line":134,"loc":{"start":{"line":134,"column":19},"end":{"line":134,"column":47}}},"20":{"name":"validateUpdate","line":146,"loc":{"start":{"line":146,"column":21},"end":{"line":146,"column":51}}}},"statementMap":{"1":{"start":{"line":3,"column":0},"end":{"line":5,"column":3}},"2":{"start":{"line":7,"column":0},"end":{"line":7,"column":564}},"3":{"start":{"line":7,"column":33},"end":{"line":7,"column":349}},"4":{"start":{"line":7,"column":76},"end":{"line":7,"column":347}},"5":{"start":{"line":7,"column":117},"end":{"line":7,"column":143}},"6":{"start":{"line":7,"column":144},"end":{"line":7,"column":199}},"7":{"start":{"line":7,"column":200},"end":{"line":7,"column":231}},"8":{"start":{"line":7,"column":232},"end":{"line":7,"column":286}},"9":{"start":{"line":7,"column":259},"end":{"line":7,"column":286}},"10":{"start":{"line":7,"column":287},"end":{"line":7,"column":345}},"11":{"start":{"line":7,"column":350},"end":{"line":7,"column":559}},"12":{"start":{"line":7,"column":407},"end":{"line":7,"column":475}},"13":{"start":{"line":7,"column":423},"end":{"line":7,"column":475}},"14":{"start":{"line":7,"column":476},"end":{"line":7,"column":536}},"15":{"start":{"line":7,"column":493},"end":{"line":7,"column":536}},"16":{"start":{"line":7,"column":537},"end":{"line":7,"column":556}},"17":{"start":{"line":9,"column":0},"end":{"line":9,"column":26}},"18":{"start":{"line":11,"column":0},"end":{"line":11,"column":41}},"19":{"start":{"line":13,"column":0},"end":{"line":13,"column":38}},"20":{"start":{"line":15,"column":0},"end":{"line":15,"column":45}},"21":{"start":{"line":17,"column":0},"end":{"line":17,"column":42}},"22":{"start":{"line":19,"column":0},"end":{"line":19,"column":49}},"23":{"start":{"line":21,"column":0},"end":{"line":21,"column":95}},"24":{"start":{"line":21,"column":39},"end":{"line":21,"column":93}},"25":{"start":{"line":23,"column":0},"end":{"line":23,"column":153}},"26":{"start":{"line":23,"column":50},"end":{"line":23,"column":151}},"27":{"start":{"line":23,"column":92},"end":{"line":23,"column":149}},"28":{"start":{"line":25,"column":0},"end":{"line":132,"column":4}},"29":{"start":{"line":26,"column":2},"end":{"line":28,"column":3}},"30":{"start":{"line":27,"column":4},"end":{"line":27,"column":43}},"31":{"start":{"line":30,"column":2},"end":{"line":129,"column":6}},"32":{"start":{"line":34,"column":6},"end":{"line":34,"column":42}},"33":{"start":{"line":36,"column":6},"end":{"line":37,"column":38}},"34":{"start":{"line":39,"column":6},"end":{"line":43,"column":7}},"35":{"start":{"line":40,"column":8},"end":{"line":40,"column":55}},"36":{"start":{"line":42,"column":8},"end":{"line":42,"column":15}},"37":{"start":{"line":44,"column":6},"end":{"line":50,"column":8}},"38":{"start":{"line":51,"column":6},"end":{"line":51,"column":33}},"39":{"start":{"line":52,"column":6},"end":{"line":52,"column":21}},"40":{"start":{"line":57,"column":6},"end":{"line":57,"column":29}},"41":{"start":{"line":59,"column":6},"end":{"line":61,"column":9}},"42":{"start":{"line":60,"column":8},"end":{"line":60,"column":48}},"43":{"start":{"line":62,"column":6},"end":{"line":62,"column":85}},"44":{"start":{"line":62,"column":17},"end":{"line":62,"column":85}},"45":{"start":{"line":64,"column":6},"end":{"line":64,"column":44}},"46":{"start":{"line":66,"column":6},"end":{"line":67,"column":40}},"47":{"start":{"line":69,"column":6},"end":{"line":73,"column":7}},"48":{"start":{"line":70,"column":8},"end":{"line":70,"column":55}},"49":{"start":{"line":72,"column":8},"end":{"line":72,"column":15}},"50":{"start":{"line":74,"column":6},"end":{"line":74,"column":34}},"51":{"start":{"line":75,"column":6},"end":{"line":75,"column":34}},"52":{"start":{"line":77,"column":6},"end":{"line":77,"column":33}},"53":{"start":{"line":82,"column":6},"end":{"line":82,"column":44}},"54":{"start":{"line":87,"column":6},"end":{"line":87,"column":29}},"55":{"start":{"line":89,"column":6},"end":{"line":91,"column":9}},"56":{"start":{"line":90,"column":8},"end":{"line":90,"column":37}},"57":{"start":{"line":92,"column":6},"end":{"line":92,"column":98}},"58":{"start":{"line":92,"column":17},"end":{"line":92,"column":98}},"59":{"start":{"line":93,"column":6},"end":{"line":93,"column":33}},"60":{"start":{"line":98,"column":6},"end":{"line":98,"column":29}},"61":{"start":{"line":100,"column":6},"end":{"line":102,"column":9}},"62":{"start":{"line":101,"column":8},"end":{"line":101,"column":48}},"63":{"start":{"line":103,"column":6},"end":{"line":103,"column":85}},"64":{"start":{"line":103,"column":17},"end":{"line":103,"column":85}},"65":{"start":{"line":105,"column":6},"end":{"line":105,"column":48}},"66":{"start":{"line":106,"column":6},"end":{"line":106,"column":39}},"67":{"start":{"line":107,"column":6},"end":{"line":107,"column":21}},"68":{"start":{"line":112,"column":6},"end":{"line":112,"column":29}},"69":{"start":{"line":114,"column":6},"end":{"line":116,"column":9}},"70":{"start":{"line":115,"column":8},"end":{"line":115,"column":60}},"71":{"start":{"line":117,"column":6},"end":{"line":117,"column":29}},"72":{"start":{"line":118,"column":6},"end":{"line":118,"column":23}},"73":{"start":{"line":119,"column":6},"end":{"line":127,"column":7}},"74":{"start":{"line":120,"column":8},"end":{"line":120,"column":89}},"75":{"start":{"line":122,"column":8},"end":{"line":124,"column":11}},"76":{"start":{"line":123,"column":10},"end":{"line":123,"column":73}},"77":{"start":{"line":123,"column":48},"end":{"line":123,"column":73}},"78":{"start":{"line":125,"column":8},"end":{"line":125,"column":32}},"79":{"start":{"line":126,"column":8},"end":{"line":126,"column":26}},"80":{"start":{"line":131,"column":2},"end":{"line":131,"column":25}},"81":{"start":{"line":134,"column":0},"end":{"line":144,"column":2}},"82":{"start":{"line":136,"column":2},"end":{"line":141,"column":4}},"83":{"start":{"line":143,"column":2},"end":{"line":143,"column":46}},"84":{"start":{"line":146,"column":0},"end":{"line":154,"column":2}},"85":{"start":{"line":148,"column":2},"end":{"line":151,"column":4}},"86":{"start":{"line":153,"column":2},"end":{"line":153,"column":46}},"87":{"start":{"line":156,"column":0},"end":{"line":156,"column":34}}},"branchMap":{"1":{"line":7,"type":"binary-expr","locations":[{"start":{"line":7,"column":168},"end":{"line":7,"column":189}},{"start":{"line":7,"column":193},"end":{"line":7,"column":198}}]},"2":{"line":7,"type":"if","locations":[{"start":{"line":7,"column":232},"end":{"line":7,"column":232}},{"start":{"line":7,"column":232},"end":{"line":7,"column":232}}]},"3":{"line":7,"type":"if","locations":[{"start":{"line":7,"column":407},"end":{"line":7,"column":407}},{"start":{"line":7,"column":407},"end":{"line":7,"column":407}}]},"4":{"line":7,"type":"if","locations":[{"start":{"line":7,"column":476},"end":{"line":7,"column":476}},{"start":{"line":7,"column":476},"end":{"line":7,"column":476}}]},"5":{"line":21,"type":"cond-expr","locations":[{"start":{"line":21,"column":70},"end":{"line":21,"column":73}},{"start":{"line":21,"column":76},"end":{"line":21,"column":92}}]},"6":{"line":21,"type":"binary-expr","locations":[{"start":{"line":21,"column":46},"end":{"line":21,"column":49}},{"start":{"line":21,"column":53},"end":{"line":21,"column":67}}]},"7":{"line":23,"type":"if","locations":[{"start":{"line":23,"column":50},"end":{"line":23,"column":50}},{"start":{"line":23,"column":50},"end":{"line":23,"column":50}}]},"8":{"line":39,"type":"if","locations":[{"start":{"line":39,"column":6},"end":{"line":39,"column":6}},{"start":{"line":39,"column":6},"end":{"line":39,"column":6}}]},"9":{"line":62,"type":"if","locations":[{"start":{"line":62,"column":6},"end":{"line":62,"column":6}},{"start":{"line":62,"column":6},"end":{"line":62,"column":6}}]},"10":{"line":69,"type":"if","locations":[{"start":{"line":69,"column":6},"end":{"line":69,"column":6}},{"start":{"line":69,"column":6},"end":{"line":69,"column":6}}]},"11":{"line":92,"type":"if","locations":[{"start":{"line":92,"column":6},"end":{"line":92,"column":6}},{"start":{"line":92,"column":6},"end":{"line":92,"column":6}}]},"12":{"line":103,"type":"if","locations":[{"start":{"line":103,"column":6},"end":{"line":103,"column":6}},{"start":{"line":103,"column":6},"end":{"line":103,"column":6}}]},"13":{"line":119,"type":"if","locations":[{"start":{"line":119,"column":6},"end":{"line":119,"column":6}},{"start":{"line":119,"column":6},"end":{"line":119,"column":6}}]},"14":{"line":123,"type":"if","locations":[{"start":{"line":123,"column":10},"end":{"line":123,"column":10}},{"start":{"line":123,"column":10},"end":{"line":123,"column":10}}]}}},"C:\\Users\\Fisiton\\Desktop\\SendIT\\dist\\data\\users.js":{"path":"C:\\Users\\Fisiton\\Desktop\\SendIT\\dist\\data\\users.js","s":{"1":1,"2":1},"b":{},"f":{},"fnMap":{},"statementMap":{"1":{"start":{"line":3,"column":0},"end":{"line":5,"column":3}},"2":{"start":{"line":7,"column":0},"end":{"line":19,"column":3}}},"branchMap":{}}}