TN:
SF:C:\Users\Fisiton\Desktop\SendIT\spec\parcelSpec.js
FN:13,_interopRequireDefault
FN:15,(anonymous_2)
FN:16,(anonymous_3)
FN:17,(anonymous_4)
FN:19,(anonymous_5)
FN:24,(anonymous_6)
FN:25,(anonymous_7)
FN:27,(anonymous_8)
FN:32,(anonymous_9)
FN:33,(anonymous_10)
FN:35,(anonymous_11)
FN:40,(anonymous_12)
FN:41,(anonymous_13)
FN:43,(anonymous_14)
FN:48,(anonymous_15)
FN:49,(anonymous_16)
FN:51,(anonymous_17)
FN:56,(anonymous_18)
FN:57,(anonymous_19)
FN:59,(anonymous_20)
FN:63,(anonymous_21)
FN:64,(anonymous_22)
FN:66,(anonymous_23)
FN:72,(anonymous_24)
FN:73,(anonymous_25)
FN:74,(anonymous_26)
FN:76,(anonymous_27)
FN:82,(anonymous_28)
FN:83,(anonymous_29)
FN:86,(anonymous_30)
FN:91,(anonymous_31)
FN:92,(anonymous_32)
FN:93,(anonymous_33)
FN:95,(anonymous_34)
FN:99,(anonymous_35)
FN:100,(anonymous_36)
FN:103,(anonymous_37)
FN:109,(anonymous_38)
FN:110,(anonymous_39)
FN:111,(anonymous_40)
FN:113,(anonymous_41)
FN:118,(anonymous_42)
FN:119,(anonymous_43)
FN:121,(anonymous_44)
FN:126,(anonymous_45)
FN:127,(anonymous_46)
FN:132,(anonymous_47)
FN:133,(anonymous_48)
FN:136,(anonymous_49)
FN:142,(anonymous_50)
FN:143,(anonymous_51)
FN:144,(anonymous_52)
FN:146,(anonymous_53)
FN:152,(anonymous_54)
FN:153,(anonymous_55)
FN:156,(anonymous_56)
FN:158,(anonymous_57)
FN:163,(anonymous_58)
FN:164,(anonymous_59)
FN:166,(anonymous_60)
FN:172,(anonymous_61)
FN:173,(anonymous_62)
FN:176,(anonymous_63)
FN:178,(anonymous_64)
FN:183,(anonymous_65)
FN:184,(anonymous_66)
FN:187,(anonymous_67)
FN:192,(anonymous_68)
FN:193,(anonymous_69)
FN:195,(anonymous_70)
FN:200,(anonymous_71)
FN:201,(anonymous_72)
FN:203,(anonymous_73)
FNF:73
FNH:69
FNDA:2,_interopRequireDefault
FNDA:1,(anonymous_2)
FNDA:1,(anonymous_3)
FNDA:1,(anonymous_4)
FNDA:1,(anonymous_5)
FNDA:1,(anonymous_6)
FNDA:1,(anonymous_7)
FNDA:1,(anonymous_8)
FNDA:1,(anonymous_9)
FNDA:1,(anonymous_10)
FNDA:1,(anonymous_11)
FNDA:1,(anonymous_12)
FNDA:1,(anonymous_13)
FNDA:1,(anonymous_14)
FNDA:1,(anonymous_15)
FNDA:0,(anonymous_16)
FNDA:1,(anonymous_17)
FNDA:1,(anonymous_18)
FNDA:1,(anonymous_19)
FNDA:1,(anonymous_20)
FNDA:1,(anonymous_21)
FNDA:1,(anonymous_22)
FNDA:1,(anonymous_23)
FNDA:1,(anonymous_24)
FNDA:1,(anonymous_25)
FNDA:1,(anonymous_26)
FNDA:1,(anonymous_27)
FNDA:1,(anonymous_28)
FNDA:1,(anonymous_29)
FNDA:1,(anonymous_30)
FNDA:1,(anonymous_31)
FNDA:1,(anonymous_32)
FNDA:1,(anonymous_33)
FNDA:1,(anonymous_34)
FNDA:1,(anonymous_35)
FNDA:0,(anonymous_36)
FNDA:1,(anonymous_37)
FNDA:1,(anonymous_38)
FNDA:1,(anonymous_39)
FNDA:1,(anonymous_40)
FNDA:1,(anonymous_41)
FNDA:1,(anonymous_42)
FNDA:1,(anonymous_43)
FNDA:1,(anonymous_44)
FNDA:1,(anonymous_45)
FNDA:1,(anonymous_46)
FNDA:1,(anonymous_47)
FNDA:1,(anonymous_48)
FNDA:1,(anonymous_49)
FNDA:1,(anonymous_50)
FNDA:1,(anonymous_51)
FNDA:1,(anonymous_52)
FNDA:1,(anonymous_53)
FNDA:1,(anonymous_54)
FNDA:1,(anonymous_55)
FNDA:0,(anonymous_56)
FNDA:1,(anonymous_57)
FNDA:1,(anonymous_58)
FNDA:1,(anonymous_59)
FNDA:1,(anonymous_60)
FNDA:1,(anonymous_61)
FNDA:1,(anonymous_62)
FNDA:1,(anonymous_63)
FNDA:1,(anonymous_64)
FNDA:1,(anonymous_65)
FNDA:1,(anonymous_66)
FNDA:1,(anonymous_67)
FNDA:1,(anonymous_68)
FNDA:1,(anonymous_69)
FNDA:1,(anonymous_70)
FNDA:1,(anonymous_71)
FNDA:0,(anonymous_72)
FNDA:1,(anonymous_73)
DA:3,1
DA:5,1
DA:7,1
DA:9,1
DA:11,1
DA:13,2
DA:15,1
DA:16,1
DA:17,1
DA:18,1
DA:20,1
DA:24,1
DA:25,1
DA:26,1
DA:28,1
DA:32,1
DA:33,1
DA:34,1
DA:36,1
DA:40,1
DA:41,1
DA:42,1
DA:44,1
DA:48,1
DA:49,1
DA:50,0
DA:52,1
DA:56,1
DA:57,1
DA:58,1
DA:60,1
DA:63,1
DA:64,1
DA:65,1
DA:67,1
DA:72,1
DA:73,1
DA:74,1
DA:75,1
DA:77,1
DA:82,1
DA:83,1
DA:84,1
DA:85,1
DA:87,1
DA:91,1
DA:92,1
DA:93,1
DA:94,1
DA:96,1
DA:99,1
DA:100,1
DA:101,0
DA:102,0
DA:104,1
DA:109,1
DA:110,1
DA:111,1
DA:112,1
DA:114,1
DA:118,1
DA:119,1
DA:120,1
DA:122,1
DA:126,1
DA:127,1
DA:128,1
DA:132,1
DA:133,1
DA:134,1
DA:135,1
DA:137,1
DA:142,1
DA:143,1
DA:144,1
DA:145,1
DA:147,1
DA:152,1
DA:153,1
DA:154,1
DA:157,0
DA:159,1
DA:163,1
DA:164,1
DA:165,1
DA:167,1
DA:172,1
DA:173,1
DA:174,1
DA:177,1
DA:179,1
DA:183,1
DA:184,1
DA:185,1
DA:186,1
DA:188,1
DA:192,1
DA:193,1
DA:194,1
DA:196,1
DA:200,1
DA:201,1
DA:202,0
DA:204,1
LF:104
LH:99
BRDA:13,1,0,0
BRDA:13,1,1,2
BRDA:13,2,0,2
BRDA:13,2,1,2
BRF:4
BRH:3
end_of_record
TN:
SF:C:\Users\Fisiton\Desktop\SendIT\spec\specData.js
FNF:0
FNH:0
DA:3,1
DA:6,1
DA:18,1
DA:26,1
DA:33,1
DA:38,1
DA:55,1
DA:68,1
DA:86,1
DA:87,1
DA:88,1
DA:89,1
LF:12
LH:12
BRF:0
BRH:0
end_of_record
TN:
SF:C:\Users\Fisiton\Desktop\SendIT\dist\app.js
FN:15,_interopRequireDefault
FN:21,(anonymous_2)
FN:31,(anonymous_3)
FN:38,(anonymous_4)
FN:44,(anonymous_5)
FNF:5
FNH:4
FNDA:3,_interopRequireDefault
FNDA:22,(anonymous_2)
FNDA:0,(anonymous_3)
FNDA:1,(anonymous_4)
FNDA:1,(anonymous_5)
DA:3,1
DA:5,1
DA:7,1
DA:9,1
DA:11,1
DA:13,1
DA:15,3
DA:17,1
DA:19,1
DA:21,1
DA:22,22
DA:23,22
DA:24,22
DA:25,0
DA:26,0
DA:28,22
DA:31,1
DA:32,0
DA:35,1
DA:36,1
DA:38,1
DA:39,1
DA:40,1
DA:41,1
DA:44,1
DA:45,1
DA:46,1
DA:53,1
LF:28
LH:25
BRDA:15,1,0,0
BRDA:15,1,1,3
BRDA:15,2,0,3
BRDA:15,2,1,3
BRDA:24,3,0,0
BRDA:24,3,1,22
BRDA:45,4,0,1
BRDA:45,4,1,0
BRF:8
BRH:5
end_of_record
TN:
SF:C:\Users\Fisiton\Desktop\SendIT\dist\routes\parcels.js
FN:11,_interopRequireDefault
FNF:1
FNH:1
FNDA:2,_interopRequireDefault
DA:3,1
DA:5,1
DA:7,1
DA:9,1
DA:11,2
DA:13,1
DA:15,1
DA:16,1
DA:18,1
DA:20,1
DA:22,1
DA:24,1
DA:26,1
DA:28,1
DA:30,1
LF:15
LH:15
BRDA:11,1,0,1
BRDA:11,1,1,1
BRDA:11,2,0,2
BRDA:11,2,1,2
BRF:4
BRH:4
end_of_record
TN:
SF:C:\Users\Fisiton\Desktop\SendIT\dist\controllers\parcels.js
FN:7,(anonymous_1)
FN:7,defineProperties
FN:7,(anonymous_3)
FN:17,_interopRequireDefault
FN:19,_classCallCheck
FN:21,(anonymous_6)
FN:22,ParcelControllers
FN:28,createOrder
FN:59,editOrder
FN:62,(anonymous_10)
FN:92,getAllOrders
FN:97,getOneOrder
FN:100,(anonymous_13)
FN:108,deleteOrder
FN:111,(anonymous_15)
FN:121,cancelOrder
FN:124,(anonymous_17)
FN:147,validateOrder
FN:167,validateCancel
FNF:19
FNH:15
FNDA:1,(anonymous_1)
FNDA:1,defineProperties
FNDA:1,(anonymous_3)
FNDA:2,_interopRequireDefault
FNDA:0,_classCallCheck
FNDA:1,(anonymous_6)
FNDA:0,ParcelControllers
FNDA:4,createOrder
FNDA:0,editOrder
FNDA:0,(anonymous_10)
FNDA:1,getAllOrders
FNDA:2,getOneOrder
FNDA:2,(anonymous_13)
FNDA:2,deleteOrder
FNDA:2,(anonymous_15)
FNDA:2,cancelOrder
FNDA:3,(anonymous_17)
FNDA:8,validateOrder
FNDA:2,validateCancel
DA:3,1
DA:7,6
DA:9,1
DA:11,1
DA:13,1
DA:15,1
DA:17,2
DA:19,1
DA:21,1
DA:22,1
DA:23,0
DA:26,1
DA:29,4
DA:31,4
DA:34,4
DA:35,3
DA:37,3
DA:39,1
DA:54,1
DA:55,1
DA:60,0
DA:62,0
DA:63,0
DA:65,0
DA:66,0
DA:68,0
DA:71,0
DA:72,0
DA:74,0
DA:76,0
DA:77,0
DA:78,0
DA:79,0
DA:80,0
DA:81,0
DA:82,0
DA:83,0
DA:84,0
DA:85,0
DA:86,0
DA:87,0
DA:88,0
DA:93,1
DA:98,2
DA:100,2
DA:101,2
DA:103,2
DA:104,1
DA:109,2
DA:111,2
DA:112,2
DA:114,2
DA:115,0
DA:116,0
DA:117,0
DA:122,2
DA:124,2
DA:125,3
DA:127,2
DA:129,1
DA:131,1
DA:134,1
DA:135,0
DA:137,0
DA:139,1
DA:140,1
DA:144,1
DA:147,1
DA:149,8
DA:165,8
DA:167,1
DA:169,2
DA:173,2
DA:176,1
LF:74
LH:46
BRDA:7,1,0,6
BRDA:7,1,1,6
BRDA:7,2,0,6
BRDA:7,2,1,0
BRDA:7,3,0,0
BRDA:7,3,1,1
BRDA:7,4,0,1
BRDA:7,4,1,0
BRDA:17,5,0,1
BRDA:17,5,1,1
BRDA:17,6,0,2
BRDA:17,6,1,2
BRDA:19,7,0,0
BRDA:19,7,1,0
BRDA:34,8,0,3
BRDA:34,8,1,1
BRDA:65,9,0,0
BRDA:65,9,1,0
BRDA:71,10,0,0
BRDA:71,10,1,0
BRDA:103,11,0,1
BRDA:103,11,1,1
BRDA:114,12,0,2
BRDA:114,12,1,0
BRDA:127,13,0,1
BRDA:127,13,1,1
BRDA:134,14,0,0
BRDA:134,14,1,1
BRF:28
BRH:17
end_of_record
TN:
SF:C:\Users\Fisiton\Desktop\SendIT\dist\data\parcels.js
FNF:0
FNH:0
DA:3,1
DA:7,1
LF:2
LH:2
BRF:0
BRH:0
end_of_record
TN:
SF:C:\Users\Fisiton\Desktop\SendIT\dist\routes\users.js
FN:11,_interopRequireDefault
FNF:1
FNH:1
FNDA:2,_interopRequireDefault
DA:3,1
DA:5,1
DA:7,1
DA:9,1
DA:11,2
DA:13,1
DA:15,1
DA:16,1
DA:18,1
DA:20,1
DA:22,1
DA:24,1
DA:26,1
DA:28,1
DA:30,1
LF:15
LH:15
BRDA:11,1,0,1
BRDA:11,1,1,1
BRDA:11,2,0,2
BRDA:11,2,1,2
BRF:4
BRH:4
end_of_record
TN:
SF:C:\Users\Fisiton\Desktop\SendIT\dist\controllers\users.js
FN:7,(anonymous_1)
FN:7,defineProperties
FN:7,(anonymous_3)
FN:21,_interopRequireDefault
FN:23,_classCallCheck
FN:25,(anonymous_6)
FN:26,UserControllers
FN:32,createUser
FN:56,editUser
FN:59,(anonymous_10)
FN:81,getAllUsers
FN:86,getOneUser
FN:89,(anonymous_13)
FN:97,deleteUser
FN:100,(anonymous_15)
FN:111,getUserParcels
FN:114,(anonymous_17)
FN:122,(anonymous_18)
FN:134,validateUser
FN:146,validateUpdate
FNF:20
FNH:15
FNDA:1,(anonymous_1)
FNDA:1,defineProperties
FNDA:1,(anonymous_3)
FNDA:3,_interopRequireDefault
FNDA:0,_classCallCheck
FNDA:1,(anonymous_6)
FNDA:0,UserControllers
FNDA:1,createUser
FNDA:0,editUser
FNDA:0,(anonymous_10)
FNDA:1,getAllUsers
FNDA:3,getOneUser
FNDA:5,(anonymous_13)
FNDA:2,deleteUser
FNDA:3,(anonymous_15)
FNDA:3,getUserParcels
FNDA:3,(anonymous_17)
FNDA:4,(anonymous_18)
FNDA:2,validateUser
FNDA:0,validateUpdate
DA:3,1
DA:7,6
DA:9,1
DA:11,1
DA:13,1
DA:15,1
DA:17,1
DA:19,1
DA:21,3
DA:23,1
DA:25,1
DA:26,1
DA:27,0
DA:30,1
DA:34,1
DA:36,1
DA:39,1
DA:40,1
DA:42,1
DA:44,0
DA:51,0
DA:52,0
DA:57,0
DA:59,0
DA:60,0
DA:62,0
DA:64,0
DA:66,0
DA:69,0
DA:70,0
DA:72,0
DA:74,0
DA:75,0
DA:77,0
DA:82,1
DA:87,3
DA:89,3
DA:90,5
DA:92,3
DA:93,1
DA:98,2
DA:100,2
DA:101,3
DA:103,2
DA:105,1
DA:106,1
DA:107,1
DA:112,3
DA:114,3
DA:115,3
DA:117,3
DA:118,3
DA:119,3
DA:120,0
DA:122,3
DA:123,4
DA:125,3
DA:126,3
DA:131,1
DA:134,1
DA:136,2
DA:143,2
DA:146,1
DA:148,0
DA:153,0
DA:156,1
LF:66
LH:47
BRDA:7,1,0,6
BRDA:7,1,1,6
BRDA:7,2,0,6
BRDA:7,2,1,0
BRDA:7,3,0,0
BRDA:7,3,1,1
BRDA:7,4,0,1
BRDA:7,4,1,0
BRDA:21,5,0,2
BRDA:21,5,1,1
BRDA:21,6,0,3
BRDA:21,6,1,3
BRDA:23,7,0,0
BRDA:23,7,1,0
BRDA:39,8,0,1
BRDA:39,8,1,0
BRDA:62,9,0,0
BRDA:62,9,1,0
BRDA:69,10,0,0
BRDA:69,10,1,0
BRDA:92,11,0,2
BRDA:92,11,1,1
BRDA:103,12,0,1
BRDA:103,12,1,1
BRDA:119,13,0,0
BRDA:119,13,1,3
BRDA:123,14,0,3
BRDA:123,14,1,1
BRF:28
BRH:17
end_of_record
TN:
SF:C:\Users\Fisiton\Desktop\SendIT\dist\data\users.js
FNF:0
FNH:0
DA:3,1
DA:7,1
LF:2
LH:2
BRF:0
BRH:0
end_of_record
